Traceback (most recent call last):
  File "C:\Users\maniv\AppData\Local\Programs\Python\Python310\lib\runpy.py", line 196, in _run_module_as_main
    return _run_code(code, main_globals, None,
  File "C:\Users\maniv\AppData\Local\Programs\Python\Python310\lib\runpy.py", line 86, in _run_code
    exec(code, run_globals)
  File "C:\Users\maniv\AppData\Local\Programs\Python\Python310\lib\site-packages\streamlit\__main__.py", line 20, in <module>
    main(prog_name="streamlit")
  File "C:\Users\maniv\AppData\Local\Programs\Python\Python310\lib\site-packages\click\core.py", line 1485, in __call__
    return self.main(*args, **kwargs)
  File "C:\Users\maniv\AppData\Local\Programs\Python\Python310\lib\site-packages\click\core.py", line 1406, in main
    rv = self.invoke(ctx)
  File "C:\Users\maniv\AppData\Local\Programs\Python\Python310\lib\site-packages\click\core.py", line 1873, in invoke
    return _process_result(sub_ctx.command.invoke(sub_ctx))
  File "C:\Users\maniv\AppData\Local\Programs\Python\Python310\lib\site-packages\click\core.py", line 1269, in invoke
    return ctx.invoke(self.callback, **ctx.params)
  File "C:\Users\maniv\AppData\Local\Programs\Python\Python310\lib\site-packages\click\core.py", line 824, in invoke
    return callback(*args, **kwargs)
  File "C:\Users\maniv\AppData\Local\Programs\Python\Python310\lib\site-packages\streamlit\web\cli.py", line 238, in main_run
    _main_run(target, args, flag_options=kwargs)
  File "C:\Users\maniv\AppData\Local\Programs\Python\Python310\lib\site-packages\streamlit\web\cli.py", line 274, in _main_run
    bootstrap.run(file, is_hello, args, flag_options)
  File "C:\Users\maniv\AppData\Local\Programs\Python\Python310\lib\site-packages\streamlit\web\bootstrap.py", line 326, in run
    asyncio.run(run_server())
  File "C:\Users\maniv\AppData\Local\Programs\Python\Python310\lib\asyncio\runners.py", line 44, in run
    return loop.run_until_complete(main)
  File "C:\Users\maniv\AppData\Local\Programs\Python\Python310\lib\asyncio\base_events.py", line 649, in run_until_complete
    return future.result()
  File "C:\Users\maniv\AppData\Local\Programs\Python\Python310\lib\site-packages\streamlit\web\bootstrap.py", line 314, in run_server
    await server.start()
  File "C:\Users\maniv\AppData\Local\Programs\Python\Python310\lib\site-packages\streamlit\web\server\server.py", line 270, in start
    start_listening(app)
  File "C:\Users\maniv\AppData\Local\Programs\Python\Python310\lib\site-packages\streamlit\web\server\server.py", line 130, in start_listening
    start_listening_tcp_socket(http_server)
  File "C:\Users\maniv\AppData\Local\Programs\Python\Python310\lib\site-packages\streamlit\web\server\server.py", line 197, in start_listening_tcp_socket
    http_server.listen(port, address)
  File "C:\Users\maniv\AppData\Local\Programs\Python\Python310\lib\site-packages\tornado\tcpserver.py", line 183, in listen
    sockets = bind_sockets(
  File "C:\Users\maniv\AppData\Local\Programs\Python\Python310\lib\site-packages\tornado\netutil.py", line 162, in bind_sockets
    sock.bind(sockaddr)
PermissionError: [WinError 10013] An attempt was made to access a socket in a way forbidden by its access permissions
